-------------------------------------------------------------------------------
Test set: com.bridgelabz.loginregistration.ToDoApplicationTests
-------------------------------------------------------------------------------
Tests run: 1, Failures: 0, Errors: 1, Skipped: 0, Time elapsed: 0.226 s <<< FAILURE! - in com.bridgelabz.loginregistration.ToDoApplicationTests
initializationError(com.bridgelabz.loginregistration.ToDoApplicationTests)  Time elapsed: 0.003 s  <<< ERROR!
java.lang.IllegalStateException: Unable to find a @SpringBootConfiguration, you need to use @ContextConfiguration or @SpringBootTest(classes=...) with your test

