<?xml version="1.0" encoding="UTF-8"?>
<testsuite xmlns:xsi="http://www.w3.org/2001/XMLSchema-instance" xsi:noNamespaceSchemaLocation="https://maven.apache.org/surefire/maven-surefire-plugin/xsd/surefire-test-report.xsd" name="com.bridgelabz.loginregistration.UserTests" time="4.163" tests="6" errors="0" skipped="0" failures="6">
  <properties>
[...]
</properties>
  <testcase name="registerationTest" classname="com.bridgelabz.loginregistration.UserTests" time="0.156">
    <failure message="JSON path &quot;$.message&quot; expected:&lt;Mail sent to the user with email &quot; + user.getEmail()&gt; but was:&lt;Phone Number Cannot Be Null&gt;" type="java.lang.AssertionError"><![CDATA[java.lang.AssertionError: JSON path "$.message" expected:<Mail sent to the user with email " + user.getEmail()> but was:<Phone Number Cannot Be Null>
	at com.bridgelabz.loginregistration.UserTests.registerationTest(UserTests.java:90)
]]></failure>
    <system-out><![CDATA[19:31:44.613 [main] DEBUG org.springframework.test.context.junit4.SpringJUnit4ClassRunner - SpringJUnit4ClassRunner constructor called with [class com.bridgelabz.loginregistration.UserTests]
19:31:44.613 [main] DEBUG org.springframework.test.context.BootstrapUtils - Instantiating CacheAwareContextLoaderDelegate from class [org.springframework.test.context.cache.DefaultCacheAwareContextLoaderDelegate]
19:31:44.613 [main] DEBUG org.springframework.test.context.BootstrapUtils - Instantiating BootstrapContext using constructor [public org.springframework.test.context.support.DefaultBootstrapContext(java.lang.Class,org.springframework.test.context.CacheAwareContextLoaderDelegate)]
19:31:44.614 [main] DEBUG org.springframework.test.context.BootstrapUtils - Instantiating TestContextBootstrapper for test class [com.bridgelabz.loginregistration.UserTests] from class [org.springframework.boot.test.context.SpringBootTestContextBootstrapper]
19:31:44.618 [main] DEBUG org.springframework.test.context.support.AbstractContextLoader - Did not detect default resource location for test class [com.bridgelabz.loginregistration.UserTests]: class path resource [com/bridgelabz/loginregistration/UserTests-context.xml] does not exist
19:31:44.618 [main] DEBUG org.springframework.test.context.support.AbstractContextLoader - Did not detect default resource location for test class [com.bridgelabz.loginregistration.UserTests]: class path resource [com/bridgelabz/loginregistration/UserTestsContext.groovy] does not exist
19:31:44.618 [main] INFO org.springframework.test.context.support.AbstractContextLoader - Could not detect default resource locations for test class [com.bridgelabz.loginregistration.UserTests]: no resource found for suffixes {-context.xml, Context.groovy}.
19:31:44.623 [main] DEBUG org.springframework.test.context.support.ActiveProfilesUtils - Could not find an 'annotation declaring class' for annotation type [org.springframework.test.context.ActiveProfiles] and class [com.bridgelabz.loginregistration.UserTests]
19:31:44.732 [main] DEBUG org.springframework.boot.test.context.SpringBootTestContextBootstrapper - @TestExecutionListeners is not present for class [com.bridgelabz.loginregistration.UserTests]: using defaults.
19:31:44.733 [main] INFO org.springframework.boot.test.context.SpringBootTestContextBootstrapper - Loaded default TestExecutionListener class names from location [META-INF/spring.factories]: [org.springframework.boot.test.mock.mockito.MockitoTestExecutionListener, org.springframework.boot.test.mock.mockito.ResetMocksTestExecutionListener, org.springframework.boot.test.autoconfigure.restdocs.RestDocsTestExecutionListener, org.springframework.boot.test.autoconfigure.web.client.MockRestServiceServerResetTestExecutionListener, org.springframework.boot.test.autoconfigure.web.servlet.MockMvcPrintOnlyOnFailureTestExecutionListener, org.springframework.boot.test.autoconfigure.web.servlet.WebDriverTestExecutionListener, org.springframework.test.context.web.ServletTestExecutionListener, org.springframework.test.context.support.DirtiesContextBeforeModesTestExecutionListener, org.springframework.test.context.support.DependencyInjectionTestExecutionListener, org.springframework.test.context.support.DirtiesContextTestExecutionListener, org.springframework.test.context.transaction.TransactionalTestExecutionListener, org.springframework.test.context.jdbc.SqlScriptsTestExecutionListener]
19:31:44.809 [main] INFO org.springframework.boot.test.context.SpringBootTestContextBootstrapper - Using TestExecutionListeners: [org.springframework.test.context.web.ServletTestExecutionListener@611889f4, org.springframework.test.context.support.DirtiesContextBeforeModesTestExecutionListener@1da2cb77, org.springframework.boot.test.mock.mockito.MockitoTestExecutionListener@48f278eb, org.springframework.boot.test.autoconfigure.SpringBootDependencyInjectionTestExecutionListener@2f217633, org.springframework.test.context.support.DirtiesContextTestExecutionListener@a530d0a, org.springframework.test.context.transaction.TransactionalTestExecutionListener@1a18644, org.springframework.test.context.jdbc.SqlScriptsTestExecutionListener@5acf93bb, org.springframework.boot.test.mock.mockito.ResetMocksTestExecutionListener@7e7be63f, org.springframework.boot.test.autoconfigure.restdocs.RestDocsTestExecutionListener@6cd28fa7, org.springframework.boot.test.autoconfigure.web.client.MockRestServiceServerResetTestExecutionListener@614ca7df, org.springframework.boot.test.autoconfigure.web.servlet.MockMvcPrintOnlyOnFailureTestExecutionListener@4738a206, org.springframework.boot.test.autoconfigure.web.servlet.WebDriverTestExecutionListener@66d3eec0]
19:31:44.810 [main] DEBUG org.springframework.test.annotation.ProfileValueUtils - Retrieved @ProfileValueSourceConfiguration [null] for test class [com.bridgelabz.loginregistration.UserTests]
19:31:44.811 [main] DEBUG org.springframework.test.annotation.ProfileValueUtils - Retrieved ProfileValueSource type [class org.springframework.test.annotation.SystemProfileValueSource] for class [com.bridgelabz.loginregistration.UserTests]
19:31:44.811 [main] DEBUG org.springframework.test.annotation.ProfileValueUtils - Retrieved @ProfileValueSourceConfiguration [null] for test class [com.bridgelabz.loginregistration.UserTests]
19:31:44.811 [main] DEBUG org.springframework.test.annotation.ProfileValueUtils - Retrieved ProfileValueSource type [class org.springframework.test.annotation.SystemProfileValueSource] for class [com.bridgelabz.loginregistration.UserTests]
19:31:44.812 [main] DEBUG org.springframework.test.annotation.ProfileValueUtils - Retrieved @ProfileValueSourceConfiguration [null] for test class [com.bridgelabz.loginregistration.UserTests]
19:31:44.812 [main] DEBUG org.springframework.test.annotation.ProfileValueUtils - Retrieved ProfileValueSource type [class org.springframework.test.annotation.SystemProfileValueSource] for class [com.bridgelabz.loginregistration.UserTests]
19:31:44.815 [main] DEBUG org.springframework.test.context.support.AbstractDirtiesContextTestExecutionListener - Before test class: context [DefaultTestContext@c88a337 testClass = UserTests, testInstance = [null], testMethod = [null], testException = [null], mergedContextConfiguration = [WebMergedContextConfiguration@5d0a1059 testClass = UserTests, locations = '{}', classes = '{class com.bridgelabz.todoapplication.ToDoApplication}', contextInitializerClasses = '[]', activeProfiles = '{}', propertySourceLocations = '{}', propertySourceProperties = '{org.springframework.boot.test.context.SpringBootTestContextBootstrapper=true}', contextCustomizers = set[org.springframework.boot.test.context.filter.ExcludeFilterContextCustomizer@77846d2c, org.springframework.boot.test.json.DuplicateJsonObjectContextCustomizerFactory$DuplicateJsonObjectContextCustomizer@2641e737, org.springframework.boot.test.mock.mockito.MockitoContextCustomizer@0, org.springframework.boot.test.web.client.TestRestTemplateContextCustomizer@103f852, org.springframework.boot.test.autoconfigure.properties.PropertyMappingContextCustomizer@0, org.springframework.boot.test.autoconfigure.web.servlet.WebDriverContextCustomizerFactory$Customizer@80169cf], resourceBasePath = 'src/main/webapp', contextLoader = 'org.springframework.boot.test.context.SpringBootContextLoader', parent = [null]], attributes = map['org.springframework.test.context.web.ServletTestExecutionListener.activateListener' -> true]], class annotated with @DirtiesContext [false] with mode [null].
19:31:44.815 [main] DEBUG org.springframework.test.annotation.ProfileValueUtils - Retrieved @ProfileValueSourceConfiguration [null] for test class [com.bridgelabz.loginregistration.UserTests]
19:31:44.815 [main] DEBUG org.springframework.test.annotation.ProfileValueUtils - Retrieved ProfileValueSource type [class org.springframework.test.annotation.SystemProfileValueSource] for class [com.bridgelabz.loginregistration.UserTests]
19:31:44.829 [main] DEBUG org.springframework.core.env.StandardEnvironment - Adding PropertySource 'systemProperties' with lowest search precedence
19:31:44.829 [main] DEBUG org.springframework.core.env.StandardEnvironment - Adding PropertySource 'systemEnvironment' with lowest search precedence
19:31:44.829 [main] DEBUG org.springframework.core.env.StandardEnvironment - Initialized StandardEnvironment with PropertySources [MapPropertySource@1565740893 {name='systemProperties', properties={java.runtime.name=Java(TM) SE Runtime Environment, sun.boot.library.path=/usr/lib/jvm/java-8-oracle/jre/lib/amd64, java.vm.version=25.181-b13, java.vm.vendor=Oracle Corporation, java.vendor.url=http://java.oracle.com/, path.separator=:, java.vm.name=Java HotSpot(TM) 64-Bit Server VM, file.encoding.pkg=sun.io, user.country=IN, sun.java.launcher=SUN_STANDARD, sun.os.patch.level=unknown, java.vm.specification.name=Java Virtual Machine Specification, user.dir=/home/admin-123/Documents/STSworkspace/To_Do, java.runtime.version=1.8.0_181-b13, basedir=/home/admin-123/Documents/STSworkspace/To_Do, java.awt.graphicsenv=sun.awt.X11GraphicsEnvironment, java.endorsed.dirs=/usr/lib/jvm/java-8-oracle/jre/lib/endorsed, os.arch=amd64, surefire.real.class.path=/home/admin-123/Documents/STSworkspace/To_Do/target/surefire/surefirebooter4930928893474176031.jar, java.io.tmpdir=/tmp, line.separator=
, java.vm.specification.vendor=Oracle Corporation, os.name=Linux, sun.jnu.encoding=UTF-8, java.library.path=/usr/java/packages/lib/amd64:/usr/lib64:/lib64:/lib:/usr/lib, surefire.test.class.path=/home/admin-123/Documents/STSworkspace/To_Do/target/test-classes:/home/admin-123/Documents/STSworkspace/To_Do/target/classes:/home/admin-123/.m2/repository/org/springframework/boot/spring-boot-starter-web/2.0.3.RELEASE/spring-boot-starter-web-2.0.3.RELEASE.jar:/home/admin-123/.m2/repository/org/springframework/boot/spring-boot-starter/2.0.3.RELEASE/spring-boot-starter-2.0.3.RELEASE.jar:/home/admin-123/.m2/repository/org/springframework/boot/spring-boot/2.0.3.RELEASE/spring-boot-2.0.3.RELEASE.jar:/home/admin-123/.m2/repository/org/springframework/boot/spring-boot-autoconfigure/2.0.3.RELEASE/spring-boot-autoconfigure-2.0.3.RELEASE.jar:/home/admin-123/.m2/repository/org/springframework/boot/spring-boot-starter-logging/2.0.3.RELEASE/spring-boot-starter-logging-2.0.3.RELEASE.jar:/home/admin-123/.m2/repository/ch/qos/logback/logback-classic/1.2.3/logback-classic-1.2.3.jar:/home/admin-123/.m2/repository/ch/qos/logback/logback-core/1.2.3/logback-core-1.2.3.jar:/home/admin-123/.m2/repository/org/apache/logging/log4j/log4j-to-slf4j/2.10.0/log4j-to-slf4j-2.10.0.jar:/home/admin-123/.m2/repository/org/apache/logging/log4j/log4j-api/2.10.0/log4j-api-2.10.0.jar:/home/admin-123/.m2/repository/org/slf4j/jul-to-slf4j/1.7.25/jul-to-slf4j-1.7.25.jar:/home/admin-123/.m2/repository/javax/annotation/javax.annotation-api/1.3.2/javax.annotation-api-1.3.2.jar:/home/admin-123/.m2/repository/org/yaml/snakeyaml/1.19/snakeyaml-1.19.jar:/home/admin-123/.m2/repository/org/springframework/boot/spring-boot-starter-json/2.0.3.RELEASE/spring-boot-starter-json-2.0.3.RELEASE.jar:/home/admin-123/.m2/repository/com/fasterxml/jackson/datatype/jackson-datatype-jdk8/2.9.6/jackson-datatype-jdk8-2.9.6.jar:/home/admin-123/.m2/repository/com/fasterxml/jackson/datatype/jackson-datatype-jsr310/2.9.6/jackson-datatype-jsr310-2.9.6.jar:/home/admin-123/.m2/repository/com/fasterxml/jackson/module/jackson-module-parameter-names/2.9.6/jackson-module-parameter-names-2.9.6.jar:/home/admin-123/.m2/repository/org/springframework/boot/spring-boot-starter-tomcat/2.0.3.RELEASE/spring-boot-starter-tomcat-2.0.3.RELEASE.jar:/home/admin-123/.m2/repository/org/apache/tomcat/embed/tomcat-embed-core/8.5.31/tomcat-embed-core-8.5.31.jar:/home/admin-123/.m2/repository/org/apache/tomcat/embed/tomcat-embed-el/8.5.31/tomcat-embed-el-8.5.31.jar:/home/admin-123/.m2/repository/org/apache/tomcat/embed/tomcat-embed-websocket/8.5.31/tomcat-embed-websocket-8.5.31.jar:/home/admin-123/.m2/repository/org/hibernate/validator/hibernate-validator/6.0.10.Final/hibernate-validator-6.0.10.Final.jar:/home/admin-123/.m2/repository/javax/validation/validation-api/2.0.1.Final/validation-api-2.0.1.Final.jar:/home/admin-123/.m2/repository/org/jboss/logging/jboss-logging/3.3.2.Final/jboss-logging-3.3.2.Final.jar:/home/admin-123/.m2/repository/org/springframework/spring-web/5.0.7.RELEASE/spring-web-5.0.7.RELEASE.jar:/home/admin-123/.m2/repository/org/springframework/spring-webmvc/5.0.7.RELEASE/spring-webmvc-5.0.7.RELEASE.jar:/home/admin-123/.m2/repository/io/springfox/springfox-swagger2/2.4.0/springfox-swagger2-2.4.0.jar:/home/admin-123/.m2/repository/io/swagger/swagger-annotations/1.5.6/swagger-annotations-1.5.6.jar:/home/admin-123/.m2/repository/io/swagger/swagger-models/1.5.6/swagger-models-1.5.6.jar:/home/admin-123/.m2/repository/com/fasterxml/jackson/core/jackson-annotations/2.9.0/jackson-annotations-2.9.0.jar:/home/admin-123/.m2/repository/io/springfox/springfox-spi/2.4.0/springfox-spi-2.4.0.jar:/home/admin-123/.m2/repository/io/springfox/springfox-core/2.4.0/springfox-core-2.4.0.jar:/home/admin-123/.m2/repository/io/springfox/springfox-schema/2.4.0/springfox-schema-2.4.0.jar:/home/admin-123/.m2/repository/io/springfox/springfox-swagger-common/2.4.0/springfox-swagger-common-2.4.0.jar:/home/admin-123/.m2/repository/io/springfox/springfox-spring-web/2.4.0/springfox-spring-web-2.4.0.jar:/home/admin-123/.m2/repository/com/google/guava/guava/18.0/guava-18.0.jar:/home/admin-123/.m2/repository/com/fasterxml/classmate/1.3.4/classmate-1.3.4.jar:/home/admin-123/.m2/repository/org/slf4j/slf4j-api/1.7.25/slf4j-api-1.7.25.jar:/home/admin-123/.m2/repository/org/springframework/plugin/spring-plugin-core/1.2.0.RELEASE/spring-plugin-core-1.2.0.RELEASE.jar:/home/admin-123/.m2/repository/org/springframework/plugin/spring-plugin-metadata/1.2.0.RELEASE/spring-plugin-metadata-1.2.0.RELEASE.jar:/home/admin-123/.m2/repository/io/springfox/springfox-swagger-ui/2.4.0/springfox-swagger-ui-2.4.0.jar:/home/admin-123/.m2/repository/io/jsonwebtoken/jjwt/0.9.1/jjwt-0.9.1.jar:/home/admin-123/.m2/repository/com/fasterxml/jackson/core/jackson-databind/2.9.6/jackson-databind-2.9.6.jar:/home/admin-123/.m2/repository/com/fasterxml/jackson/core/jackson-core/2.9.6/jackson-core-2.9.6.jar:/home/admin-123/.m2/repository/org/springframework/boot/spring-boot-starter-data-mongodb/2.0.3.RELEASE/spring-boot-starter-data-mongodb-2.0.3.RELEASE.jar:/home/admin-123/.m2/repository/org/mongodb/mongodb-driver/3.6.4/mongodb-driver-3.6.4.jar:/home/admin-123/.m2/repository/org/mongodb/bson/3.6.4/bson-3.6.4.jar:/home/admin-123/.m2/repository/org/mongodb/mongodb-driver-core/3.6.4/mongodb-driver-core-3.6.4.jar:/home/admin-123/.m2/repository/org/springframework/data/spring-data-mongodb/2.0.8.RELEASE/spring-data-mongodb-2.0.8.RELEASE.jar:/home/admin-123/.m2/repository/org/springframework/data/spring-data-commons/2.0.8.RELEASE/spring-data-commons-2.0.8.RELEASE.jar:/home/admin-123/.m2/repository/javax/mail/mail/1.4/mail-1.4.jar:/home/admin-123/.m2/repository/javax/activation/activation/1.1/activation-1.1.jar:/home/admin-123/.m2/repository/org/springframework/boot/spring-boot-starter-mail/2.0.3.RELEASE/spring-boot-starter-mail-2.0.3.RELEASE.jar:/home/admin-123/.m2/repository/org/springframework/spring-context/5.0.7.RELEASE/spring-context-5.0.7.RELEASE.jar:/home/admin-123/.m2/repository/org/springframework/spring-context-support/5.0.7.RELEASE/spring-context-support-5.0.7.RELEASE.jar:/home/admin-123/.m2/repository/com/sun/mail/javax.mail/1.6.1/javax.mail-1.6.1.jar:/home/admin-123/.m2/repository/org/springframework/boot/spring-boot-starter-test/2.0.3.RELEASE/spring-boot-starter-test-2.0.3.RELEASE.jar:/home/admin-123/.m2/repository/org/springframework/boot/spring-boot-test/2.0.3.RELEASE/spring-boot-test-2.0.3.RELEASE.jar:/home/admin-123/.m2/repository/org/springframework/boot/spring-boot-test-autoconfigure/2.0.3.RELEASE/spring-boot-test-autoconfigure-2.0.3.RELEASE.jar:/home/admin-123/.m2/repository/com/jayway/jsonpath/json-path/2.4.0/json-path-2.4.0.jar:/home/admin-123/.m2/repository/net/minidev/json-smart/2.3/json-smart-2.3.jar:/home/admin-123/.m2/repository/net/minidev/accessors-smart/1.2/accessors-smart-1.2.jar:/home/admin-123/.m2/repository/org/ow2/asm/asm/5.0.4/asm-5.0.4.jar:/home/admin-123/.m2/repository/junit/junit/4.12/junit-4.12.jar:/home/admin-123/.m2/repository/org/assertj/assertj-core/3.9.1/assertj-core-3.9.1.jar:/home/admin-123/.m2/repository/org/mockito/mockito-core/2.15.0/mockito-core-2.15.0.jar:/home/admin-123/.m2/repository/net/bytebuddy/byte-buddy/1.7.11/byte-buddy-1.7.11.jar:/home/admin-123/.m2/repository/net/bytebuddy/byte-buddy-agent/1.7.11/byte-buddy-agent-1.7.11.jar:/home/admin-123/.m2/repository/org/objenesis/objenesis/2.6/objenesis-2.6.jar:/home/admin-123/.m2/repository/org/hamcrest/hamcrest-core/1.3/hamcrest-core-1.3.jar:/home/admin-123/.m2/repository/org/hamcrest/hamcrest-library/1.3/hamcrest-library-1.3.jar:/home/admin-123/.m2/repository/org/skyscreamer/jsonassert/1.5.0/jsonassert-1.5.0.jar:/home/admin-123/.m2/repository/com/vaadin/external/google/android-json/0.0.20131108.vaadin1/android-json-0.0.20131108.vaadin1.jar:/home/admin-123/.m2/repository/org/springframework/spring-core/5.0.7.RELEASE/spring-core-5.0.7.RELEASE.jar:/home/admin-123/.m2/repository/org/springframework/spring-jcl/5.0.7.RELEASE/spring-jcl-5.0.7.RELEASE.jar:/home/admin-123/.m2/repository/org/springframework/spring-test/5.0.7.RELEASE/spring-test-5.0.7.RELEASE.jar:/home/admin-123/.m2/repository/org/xmlunit/xmlunit-core/2.5.1/xmlunit-core-2.5.1.jar:/home/admin-123/.m2/repository/org/springframework/security/spring-security-core/5.0.6.RELEASE/spring-security-core-5.0.6.RELEASE.jar:/home/admin-123/.m2/repository/org/springframework/spring-aop/5.0.7.RELEASE/spring-aop-5.0.7.RELEASE.jar:/home/admin-123/.m2/repository/org/springframework/spring-beans/5.0.7.RELEASE/spring-beans-5.0.7.RELEASE.jar:/home/admin-123/.m2/repository/org/springframework/spring-expression/5.0.7.RELEASE/spring-expression-5.0.7.RELEASE.jar:/home/admin-123/.m2/repository/org/springframework/boot/spring-boot-starter-amqp/2.0.3.RELEASE/spring-boot-starter-amqp-2.0.3.RELEASE.jar:/home/admin-123/.m2/repository/org/springframework/spring-messaging/5.0.7.RELEASE/spring-messaging-5.0.7.RELEASE.jar:/home/admin-123/.m2/repository/org/springframework/amqp/spring-rabbit/2.0.4.RELEASE/spring-rabbit-2.0.4.RELEASE.jar:/home/admin-123/.m2/repository/org/springframework/amqp/spring-amqp/2.0.4.RELEASE/spring-amqp-2.0.4.RELEASE.jar:/home/admin-123/.m2/repository/com/rabbitmq/amqp-client/5.1.2/amqp-client-5.1.2.jar:/home/admin-123/.m2/repository/org/springframework/retry/spring-retry/1.2.2.RELEASE/spring-retry-1.2.2.RELEASE.jar:/home/admin-123/.m2/repository/org/modelmapper/modelmapper/0.7.4/modelmapper-0.7.4.jar:/home/admin-123/.m2/repository/org/mockito/mockito-all/1.9.5/mockito-all-1.9.5.jar:/home/admin-123/.m2/repository/org/springframework/boot/spring-boot-starter-data-redis/2.0.3.RELEASE/spring-boot-starter-data-redis-2.0.3.RELEASE.jar:/home/admin-123/.m2/repository/io/lettuce/lettuce-core/5.0.4.RELEASE/lettuce-core-5.0.4.RELEASE.jar:/home/admin-123/.m2/repository/io/projectreactor/reactor-core/3.1.8.RELEASE/reactor-core-3.1.8.RELEASE.jar:/home/admin-123/.m2/repository/org/reactivestreams/reactive-streams/1.0.2/reactive-streams-1.0.2.jar:/home/admin-123/.m2/repository/io/netty/netty-common/4.1.25.Final/netty-common-4.1.25.Final.jar:/home/admin-123/.m2/repository/io/netty/netty-transport/4.1.25.Final/netty-transport-4.1.25.Final.jar:/home/admin-123/.m2/repository/io/netty/netty-buffer/4.1.25.Final/netty-buffer-4.1.25.Final.jar:/home/admin-123/.m2/repository/io/netty/netty-resolver/4.1.25.Final/netty-resolver-4.1.25.Final.jar:/home/admin-123/.m2/repository/io/netty/netty-handler/4.1.25.Final/netty-handler-4.1.25.Final.jar:/home/admin-123/.m2/repository/io/netty/netty-codec/4.1.25.Final/netty-codec-4.1.25.Final.jar:/home/admin-123/.m2/repository/cglib/cglib/2.2.2/cglib-2.2.2.jar:/home/admin-123/.m2/repository/asm/asm/3.3.1/asm-3.3.1.jar:/home/admin-123/.m2/repository/org/springframework/data/spring-data-redis/2.0.8.RELEASE/spring-data-redis-2.0.8.RELEASE.jar:/home/admin-123/.m2/repository/org/springframework/data/spring-data-keyvalue/2.0.8.RELEASE/spring-data-keyvalue-2.0.8.RELEASE.jar:/home/admin-123/.m2/repository/org/springframework/spring-tx/5.0.7.RELEASE/spring-tx-5.0.7.RELEASE.jar:/home/admin-123/.m2/repository/org/springframework/spring-oxm/5.0.7.RELEASE/spring-oxm-5.0.7.RELEASE.jar:/home/admin-123/.m2/repository/redis/clients/jedis/2.9.0/jedis-2.9.0.jar:/home/admin-123/.m2/repository/org/apache/commons/commons-pool2/2.5.0/commons-pool2-2.5.0.jar:, java.specification.name=Java Platform API Specification, java.class.version=52.0, sun.management.compiler=HotSpot 64-Bit Tiered Compilers, os.version=4.15.0-29-generic, user.home=/home/admin-123, user.timezone=Asia/Kolkata, java.awt.printerjob=sun.print.PSPrinterJob, file.encoding=UTF-8, java.specification.version=1.8, java.class.path=/home/admin-123/Documents/STSworkspace/To_Do/target/test-classes:/home/admin-123/Documents/STSworkspace/To_Do/target/classes:/home/admin-123/.m2/repository/org/springframework/boot/spring-boot-starter-web/2.0.3.RELEASE/spring-boot-starter-web-2.0.3.RELEASE.jar:/home/admin-123/.m2/repository/org/springframework/boot/spring-boot-starter/2.0.3.RELEASE/spring-boot-starter-2.0.3.RELEASE.jar:/home/admin-123/.m2/repository/org/springframework/boot/spring-boot/2.0.3.RELEASE/spring-boot-2.0.3.RELEASE.jar:/home/admin-123/.m2/repository/org/springframework/boot/spring-boot-autoconfigure/2.0.3.RELEASE/spring-boot-autoconfigure-2.0.3.RELEASE.jar:/home/admin-123/.m2/repository/org/springframework/boot/spring-boot-starter-logging/2.0.3.RELEASE/spring-boot-starter-logging-2.0.3.RELEASE.jar:/home/admin-123/.m2/repository/ch/qos/logback/logback-classic/1.2.3/logback-classic-1.2.3.jar:/home/admin-123/.m2/repository/ch/qos/logback/logback-core/1.2.3/logback-core-1.2.3.jar:/home/admin-123/.m2/repository/org/apache/logging/log4j/log4j-to-slf4j/2.10.0/log4j-to-slf4j-2.10.0.jar:/home/admin-123/.m2/repository/org/apache/logging/log4j/log4j-api/2.10.0/log4j-api-2.10.0.jar:/home/admin-123/.m2/repository/org/slf4j/jul-to-slf4j/1.7.25/jul-to-slf4j-1.7.25.jar:/home/admin-123/.m2/repository/javax/annotation/javax.annotation-api/1.3.2/javax.annotation-api-1.3.2.jar:/home/admin-123/.m2/repository/org/yaml/snakeyaml/1.19/snakeyaml-1.19.jar:/home/admin-123/.m2/repository/org/springframework/boot/spring-boot-starter-json/2.0.3.RELEASE/spring-boot-starter-json-2.0.3.RELEASE.jar:/home/admin-123/.m2/repository/com/fasterxml/jackson/datatype/jackson-datatype-jdk8/2.9.6/jackson-datatype-jdk8-2.9.6.jar:/home/admin-123/.m2/repository/com/fasterxml/jackson/datatype/jackson-datatype-jsr310/2.9.6/jackson-datatype-jsr310-2.9.6.jar:/home/admin-123/.m2/repository/com/fasterxml/jackson/module/jackson-module-parameter-names/2.9.6/jackson-module-parameter-names-2.9.6.jar:/home/admin-123/.m2/repository/org/springframework/boot/spring-boot-starter-tomcat/2.0.3.RELEASE/spring-boot-starter-tomcat-2.0.3.RELEASE.jar:/home/admin-123/.m2/repository/org/apache/tomcat/embed/tomcat-embed-core/8.5.31/tomcat-embed-core-8.5.31.jar:/home/admin-123/.m2/repository/org/apache/tomcat/embed/tomcat-embed-el/8.5.31/tomcat-embed-el-8.5.31.jar:/home/admin-123/.m2/repository/org/apache/tomcat/embed/tomcat-embed-websocket/8.5.31/tomcat-embed-websocket-8.5.31.jar:/home/admin-123/.m2/repository/org/hibernate/validator/hibernate-validator/6.0.10.Final/hibernate-validator-6.0.10.Final.jar:/home/admin-123/.m2/repository/javax/validation/validation-api/2.0.1.Final/validation-api-2.0.1.Final.jar:/home/admin-123/.m2/repository/org/jboss/logging/jboss-logging/3.3.2.Final/jboss-logging-3.3.2.Final.jar:/home/admin-123/.m2/repository/org/springframework/spring-web/5.0.7.RELEASE/spring-web-5.0.7.RELEASE.jar:/home/admin-123/.m2/repository/org/springframework/spring-webmvc/5.0.7.RELEASE/spring-webmvc-5.0.7.RELEASE.jar:/home/admin-123/.m2/repository/io/springfox/springfox-swagger2/2.4.0/springfox-swagger2-2.4.0.jar:/home/admin-123/.m2/repository/io/swagger/swagger-annotations/1.5.6/swagger-annotations-1.5.6.jar:/home/admin-123/.m2/repository/io/swagger/swagger-models/1.5.6/swagger-models-1.5.6.jar:/home/admin-123/.m2/repository/com/fasterxml/jackson/core/jackson-annotations/2.9.0/jackson-annotations-2.9.0.jar:/home/admin-123/.m2/repository/io/springfox/springfox-spi/2.4.0/springfox-spi-2.4.0.jar:/home/admin-123/.m2/repository/io/springfox/springfox-core/2.4.0/springfox-core-2.4.0.jar:/home/admin-123/.m2/repository/io/springfox/springfox-schema/2.4.0/springfox-schema-2.4.0.jar:/home/admin-123/.m2/repository/io/springfox/springfox-swagger-common/2.4.0/springfox-swagger-common-2.4.0.jar:/home/admin-123/.m2/repository/io/springfox/springfox-spring-web/2.4.0/springfox-spring-web-2.4.0.jar:/home/admin-123/.m2/repository/com/google/guava/guava/18.0/guava-18.0.jar:/home/admin-123/.m2/repository/com/fasterxml/classmate/1.3.4/classmate-1.3.4.jar:/home/admin-123/.m2/repository/org/slf4j/slf4j-api/1.7.25/slf4j-api-1.7.25.jar:/home/admin-123/.m2/repository/org/springframework/plugin/spring-plugin-core/1.2.0.RELEASE/spring-plugin-core-1.2.0.RELEASE.jar:/home/admin-123/.m2/repository/org/springframework/plugin/spring-plugin-metadata/1.2.0.RELEASE/spring-plugin-metadata-1.2.0.RELEASE.jar:/home/admin-123/.m2/repository/io/springfox/springfox-swagger-ui/2.4.0/springfox-swagger-ui-2.4.0.jar:/home/admin-123/.m2/repository/io/jsonwebtoken/jjwt/0.9.1/jjwt-0.9.1.jar:/home/admin-123/.m2/repository/com/fasterxml/jackson/core/jackson-databind/2.9.6/jackson-databind-2.9.6.jar:/home/admin-123/.m2/repository/com/fasterxml/jackson/core/jackson-core/2.9.6/jackson-core-2.9.6.jar:/home/admin-123/.m2/repository/org/springframework/boot/spring-boot-starter-data-mongodb/2.0.3.RELEASE/spring-boot-starter-data-mongodb-2.0.3.RELEASE.jar:/home/admin-123/.m2/repository/org/mongodb/mongodb-driver/3.6.4/mongodb-driver-3.6.4.jar:/home/admin-123/.m2/repository/org/mongodb/bson/3.6.4/bson-3.6.4.jar:/home/admin-123/.m2/repository/org/mongodb/mongodb-driver-core/3.6.4/mongodb-driver-core-3.6.4.jar:/home/admin-123/.m2/repository/org/springframework/data/spring-data-mongodb/2.0.8.RELEASE/spring-data-mongodb-2.0.8.RELEASE.jar:/home/admin-123/.m2/repository/org/springframework/data/spring-data-commons/2.0.8.RELEASE/spring-data-commons-2.0.8.RELEASE.jar:/home/admin-123/.m2/repository/javax/mail/mail/1.4/mail-1.4.jar:/home/admin-123/.m2/repository/javax/activation/activation/1.1/activation-1.1.jar:/home/admin-123/.m2/repository/org/springframework/boot/spring-boot-starter-mail/2.0.3.RELEASE/spring-boot-starter-mail-2.0.3.RELEASE.jar:/home/admin-123/.m2/repository/org/springframework/spring-context/5.0.7.RELEASE/spring-context-5.0.7.RELEASE.jar:/home/admin-123/.m2/repository/org/springframework/spring-context-support/5.0.7.RELEASE/spring-context-support-5.0.7.RELEASE.jar:/home/admin-123/.m2/repository/com/sun/mail/javax.mail/1.6.1/javax.mail-1.6.1.jar:/home/admin-123/.m2/repository/org/springframework/boot/spring-boot-starter-test/2.0.3.RELEASE/spring-boot-starter-test-2.0.3.RELEASE.jar:/home/admin-123/.m2/repository/org/springframework/boot/spring-boot-test/2.0.3.RELEASE/spring-boot-test-2.0.3.RELEASE.jar:/home/admin-123/.m2/repository/org/springframework/boot/spring-boot-test-autoconfigure/2.0.3.RELEASE/spring-boot-test-autoconfigure-2.0.3.RELEASE.jar:/home/admin-123/.m2/repository/com/jayway/jsonpath/json-path/2.4.0/json-path-2.4.0.jar:/home/admin-123/.m2/repository/net/minidev/json-smart/2.3/json-smart-2.3.jar:/home/admin-123/.m2/repository/net/minidev/accessors-smart/1.2/accessors-smart-1.2.jar:/home/admin-123/.m2/repository/org/ow2/asm/asm/5.0.4/asm-5.0.4.jar:/home/admin-123/.m2/repository/junit/junit/4.12/junit-4.12.jar:/home/admin-123/.m2/repository/org/assertj/assertj-core/3.9.1/assertj-core-3.9.1.jar:/home/admin-123/.m2/repository/org/mockito/mockito-core/2.15.0/mockito-core-2.15.0.jar:/home/admin-123/.m2/repository/net/bytebuddy/byte-buddy/1.7.11/byte-buddy-1.7.11.jar:/home/admin-123/.m2/repository/net/bytebuddy/byte-buddy-agent/1.7.11/byte-buddy-agent-1.7.11.jar:/home/admin-123/.m2/repository/org/objenesis/objenesis/2.6/objenesis-2.6.jar:/home/admin-123/.m2/repository/org/hamcrest/hamcrest-core/1.3/hamcrest-core-1.3.jar:/home/admin-123/.m2/repository/org/hamcrest/hamcrest-library/1.3/hamcrest-library-1.3.jar:/home/admin-123/.m2/repository/org/skyscreamer/jsonassert/1.5.0/jsonassert-1.5.0.jar:/home/admin-123/.m2/repository/com/vaadin/external/google/android-json/0.0.20131108.vaadin1/android-json-0.0.20131108.vaadin1.jar:/home/admin-123/.m2/repository/org/springframework/spring-core/5.0.7.RELEASE/spring-core-5.0.7.RELEASE.jar:/home/admin-123/.m2/repository/org/springframework/spring-jcl/5.0.7.RELEASE/spring-jcl-5.0.7.RELEASE.jar:/home/admin-123/.m2/repository/org/springframework/spring-test/5.0.7.RELEASE/spring-test-5.0.7.RELEASE.jar:/home/admin-123/.m2/repository/org/xmlunit/xmlunit-core/2.5.1/xmlunit-core-2.5.1.jar:/home/admin-123/.m2/repository/org/springframework/security/spring-security-core/5.0.6.RELEASE/spring-security-core-5.0.6.RELEASE.jar:/home/admin-123/.m2/repository/org/springframework/spring-aop/5.0.7.RELEASE/spring-aop-5.0.7.RELEASE.jar:/home/admin-123/.m2/repository/org/springframework/spring-beans/5.0.7.RELEASE/spring-beans-5.0.7.RELEASE.jar:/home/admin-123/.m2/repository/org/springframework/spring-expression/5.0.7.RELEASE/spring-expression-5.0.7.RELEASE.jar:/home/admin-123/.m2/repository/org/springframework/boot/spring-boot-starter-amqp/2.0.3.RELEASE/spring-boot-starter-amqp-2.0.3.RELEASE.jar:/home/admin-123/.m2/repository/org/springframework/spring-messaging/5.0.7.RELEASE/spring-messaging-5.0.7.RELEASE.jar:/home/admin-123/.m2/repository/org/springframework/amqp/spring-rabbit/2.0.4.RELEASE/spring-rabbit-2.0.4.RELEASE.jar:/home/admin-123/.m2/repository/org/springframework/amqp/spring-amqp/2.0.4.RELEASE/spring-amqp-2.0.4.RELEASE.jar:/home/admin-123/.m2/repository/com/rabbitmq/amqp-client/5.1.2/amqp-client-5.1.2.jar:/home/admin-123/.m2/repository/org/springframework/retry/spring-retry/1.2.2.RELEASE/spring-retry-1.2.2.RELEASE.jar:/home/admin-123/.m2/repository/org/modelmapper/modelmapper/0.7.4/modelmapper-0.7.4.jar:/home/admin-123/.m2/repository/org/mockito/mockito-all/1.9.5/mockito-all-1.9.5.jar:/home/admin-123/.m2/repository/org/springframework/boot/spring-boot-starter-data-redis/2.0.3.RELEASE/spring-boot-starter-data-redis-2.0.3.RELEASE.jar:/home/admin-123/.m2/repository/io/lettuce/lettuce-core/5.0.4.RELEASE/lettuce-core-5.0.4.RELEASE.jar:/home/admin-123/.m2/repository/io/projectreactor/reactor-core/3.1.8.RELEASE/reactor-core-3.1.8.RELEASE.jar:/home/admin-123/.m2/repository/org/reactivestreams/reactive-streams/1.0.2/reactive-streams-1.0.2.jar:/home/admin-123/.m2/repository/io/netty/netty-common/4.1.25.Final/netty-common-4.1.25.Final.jar:/home/admin-123/.m2/repository/io/netty/netty-transport/4.1.25.Final/netty-transport-4.1.25.Final.jar:/home/admin-123/.m2/repository/io/netty/netty-buffer/4.1.25.Final/netty-buffer-4.1.25.Final.jar:/home/admin-123/.m2/repository/io/netty/netty-resolver/4.1.25.Final/netty-resolver-4.1.25.Final.jar:/home/admin-123/.m2/repository/io/netty/netty-handler/4.1.25.Final/netty-handler-4.1.25.Final.jar:/home/admin-123/.m2/repository/io/netty/netty-codec/4.1.25.Final/netty-codec-4.1.25.Final.jar:/home/admin-123/.m2/repository/cglib/cglib/2.2.2/cglib-2.2.2.jar:/home/admin-123/.m2/repository/asm/asm/3.3.1/asm-3.3.1.jar:/home/admin-123/.m2/repository/org/springframework/data/spring-data-redis/2.0.8.RELEASE/spring-data-redis-2.0.8.RELEASE.jar:/home/admin-123/.m2/repository/org/springframework/data/spring-data-keyvalue/2.0.8.RELEASE/spring-data-keyvalue-2.0.8.RELEASE.jar:/home/admin-123/.m2/repository/org/springframework/spring-tx/5.0.7.RELEASE/spring-tx-5.0.7.RELEASE.jar:/home/admin-123/.m2/repository/org/springframework/spring-oxm/5.0.7.RELEASE/spring-oxm-5.0.7.RELEASE.jar:/home/admin-123/.m2/repository/redis/clients/jedis/2.9.0/jedis-2.9.0.jar:/home/admin-123/.m2/repository/org/apache/commons/commons-pool2/2.5.0/commons-pool2-2.5.0.jar:, user.name=admin-123, java.vm.specification.version=1.8, sun.java.command=/home/admin-123/Documents/STSworkspace/To_Do/target/surefire/surefirebooter4930928893474176031.jar /home/admin-123/Documents/STSworkspace/To_Do/target/surefire 2018-07-30T19-31-43_897-jvmRun1 surefire3047009957504012421tmp surefire_07942904300205679610tmp, java.home=/usr/lib/jvm/java-8-oracle/jre, sun.arch.data.model=64, user.language=en, java.specification.vendor=Oracle Corporation, awt.toolkit=sun.awt.X11.XToolkit, java.vm.info=mixed mode, java.version=1.8.0_181, java.ext.dirs=/usr/lib/jvm/java-8-oracle/jre/lib/ext:/usr/java/packages/lib/ext, sun.boot.class.path=/usr/lib/jvm/java-8-oracle/jre/lib/resources.jar:/usr/lib/jvm/java-8-oracle/jre/lib/rt.jar:/usr/lib/jvm/java-8-oracle/jre/lib/sunrsasign.jar:/usr/lib/jvm/java-8-oracle/jre/lib/jsse.jar:/usr/lib/jvm/java-8-oracle/jre/lib/jce.jar:/usr/lib/jvm/java-8-oracle/jre/lib/charsets.jar:/usr/lib/jvm/java-8-oracle/jre/lib/jfr.jar:/usr/lib/jvm/java-8-oracle/jre/classes, java.vendor=Oracle Corporation, localRepository=/home/admin-123/.m2/repository, file.separator=/, java.vendor.url.bug=http://bugreport.sun.com/bugreport/, sun.io.unicode.encoding=UnicodeLittle, sun.cpu.endian=little, sun.desktop=gnome, sun.cpu.isalist=}}, SystemEnvironmentPropertySource@775514090 {name='systemEnvironment', properties={PATH=/home/admin-123/bin:/home/admin-123/.local/bin:/usr/local/sbin:/usr/local/bin:/usr/sbin:/usr/bin:/sbin:/bin:/usr/games:/usr/local/games:/snap/bin:/usr/lib/jvm/java-8-oracle/bin:/usr/lib/jvm/java-8-oracle/db/bin:/usr/lib/jvm/java-8-oracle/jre/bin, XAUTHORITY=/home/admin-123/.Xauthority, XMODIFIERS=@im=ibus, XDG_DATA_DIRS=/usr/share/ubuntu:/usr/share/gnome:/usr/local/share:/usr/share:/var/lib/snapd/desktop, GDMSESSION=ubuntu, MANDATORY_PATH=/usr/share/gconf/ubuntu.mandatory.path, GTK_IM_MODULE=ibus, DBUS_SESSION_BUS_ADDRESS=unix:abstract=/tmp/dbus-MNC8pO77JU, DEFAULTS_PATH=/usr/share/gconf/ubuntu.default.path, XDG_CURRENT_DESKTOP=Unity, UPSTART_SESSION=unix:abstract=/com/ubuntu/upstart-session/1000/1525, QT4_IM_MODULE=xim, SESSION_MANAGER=local/adminis:@/tmp/.ICE-unix/1748,unix/adminis:/tmp/.ICE-unix/1748, QT_LINUX_ACCESSIBILITY_ALWAYS_ON=1, LOGNAME=admin-123, JOB=unity-settings-daemon, PWD=/home/admin-123/Documents/STSworkspace/To_Do, DERBY_HOME=/usr/lib/jvm/java-8-oracle/db, IM_CONFIG_PHASE=1, LANGUAGE=en_IN:en, SHELL=/bin/bash, UNITY_HAS_3D_SUPPORT=true, GIO_LAUNCHED_DESKTOP_FILE=/home/admin-123/.local/share/applications/spring_tool_suite.desktop, GTK2_MODULES=overlay-scrollbar, INSTANCE=, J2SDKDIR=/usr/lib/jvm/java-8-oracle, OLDPWD=/home/admin-123/Documents/STSworkspace/To_Do, GNOME_DESKTOP_SESSION_ID=this-is-deprecated, UPSTART_INSTANCE=, GTK_MODULES=gail:atk-bridge:unity-gtk-module, J2REDIR=/usr/lib/jvm/java-8-oracle/jre, CLUTTER_IM_MODULE=xim, XDG_SESSION_PATH=/org/freedesktop/DisplayManager/Session0, COMPIZ_BIN_PATH=/usr/bin/, SESSIONTYPE=gnome-session, XDG_SESSION_DESKTOP=ubuntu, SHLVL=0, COMPIZ_CONFIG_PROFILE=ubuntu, QT_IM_MODULE=ibus, UPSTART_JOB=unity7, JAVA_HOME=/usr/lib/jvm/java-8-oracle, XDG_CONFIG_DIRS=/etc/xdg/xdg-ubuntu:/usr/share/upstart/xdg:/etc/xdg, LANG=en_IN, GNOME_KEYRING_CONTROL=, XDG_SEAT_PATH=/org/freedesktop/DisplayManager/Seat0, XDG_SESSION_ID=c2, XDG_SESSION_TYPE=x11, DISPLAY=:0, UNITY_DEFAULT_PROFILE=unity, GDM_LANG=en_US, XDG_GREETER_DATA_DIR=/var/lib/lightdm-data/admin-123, UPSTART_EVENTS=xsession started, GPG_AGENT_INFO=/home/admin-123/.gnupg/S.gpg-agent:0:1, DESKTOP_SESSION=ubuntu, SESSION=ubuntu, USER=admin-123, XDG_MENU_PREFIX=gnome-, GIO_LAUNCHED_DESKTOP_FILE_PID=2131, QT_ACCESSIBILITY=1, SSH_AUTH_SOCK=/run/user/1000/keyring/ssh, XDG_SEAT=seat0, QT_QPA_PLATFORMTHEME=appmenu-qt5, XDG_VTNR=7, XDG_RUNTIME_DIR=/run/user/1000, HOME=/home/admin-123, GNOME_KEYRING_PID=}}]
19:31:44.831 [main] DEBUG org.springframework.test.context.support.TestPropertySourceUtils - Adding inlined properties to environment: {spring.jmx.enabled=false, org.springframework.boot.test.context.SpringBootTestContextBootstrapper=true, server.port=-1}
19:31:44.831 [main] DEBUG org.springframework.core.env.StandardEnvironment - Adding PropertySource 'Inlined Test Properties' with highest search precedence

  .   ____          _            __ _ _
 /\\ / ___'_ __ _ _(_)_ __  __ _ \ \ \ \
( ( )\___ | '_ | '_| | '_ \/ _` | \ \ \ \
 \\/  ___)| |_)| | | | | || (_| |  ) ) ) )
  '  |____| .__|_| |_|_| |_\__, | / / / /
 =========|_|==============|___/=/_/_/_/
 :: Spring Boot ::        (v2.0.3.RELEASE)

2018-07-30 19:31:44.994  INFO 6248 --- [           main] c.b.loginregistration.UserTests          : Starting UserTests on adminis with PID 6248 (started by admin-123 in /home/admin-123/Documents/STSworkspace/To_Do)
2018-07-30 19:31:44.996  INFO 6248 --- [           main] c.b.loginregistration.UserTests          : No active profile set, falling back to default profiles: default
2018-07-30 19:31:45.031  INFO 6248 --- [           main] o.s.w.c.s.GenericWebApplicationContext   : Refreshing org.springframework.web.context.support.GenericWebApplicationContext@7ba8c737: startup date [Mon Jul 30 19:31:45 IST 2018]; root of context hierarchy
2018-07-30 19:31:45.770  INFO 6248 --- [           main] o.s.b.f.s.DefaultListableBeanFactory     : Overriding bean definition for bean 'rabbitTemplate' with a different definition: replacing [Root bean: class [null]; scope=; abstract=false; lazyInit=false; autowireMode=3; dependencyCheck=0; autowireCandidate=true; primary=false; factoryBeanName=rabbitMQConfig; factoryMethodName=rabbitTemplate; initMethodName=null; destroyMethodName=(inferred); defined in class path resource [com/bridgelabz/todoapplication/configuration/RabbitMQConfig.class]] with [Root bean: class [null]; scope=; abstract=false; lazyInit=false; autowireMode=3; dependencyCheck=0; autowireCandidate=true; primary=false; factoryBeanName=org.springframework.boot.autoconfigure.amqp.RabbitAutoConfiguration$RabbitTemplateConfiguration; factoryMethodName=rabbitTemplate; initMethodName=null; destroyMethodName=(inferred); defined in class path resource [org/springframework/boot/autoconfigure/amqp/RabbitAutoConfiguration$RabbitTemplateConfiguration.class]]
2018-07-30 19:31:45.807  INFO 6248 --- [           main] .s.d.r.c.RepositoryConfigurationDelegate : Multiple Spring Data modules found, entering strict repository configuration mode!
2018-07-30 19:31:45.873  INFO 6248 --- [           main] .s.d.r.c.RepositoryConfigurationDelegate : Multiple Spring Data modules found, entering strict repository configuration mode!
2018-07-30 19:31:45.885  INFO 6248 --- [           main] .RepositoryConfigurationExtensionSupport : Spring Data Redis - Could not safely identify store assignment for repository candidate interface com.bridgelabz.todoapplication.noteservice.repository.LabelRepository.
2018-07-30 19:31:45.888  INFO 6248 --- [           main] .RepositoryConfigurationExtensionSupport : Spring Data Redis - Could not safely identify store assignment for repository candidate interface com.bridgelabz.todoapplication.noteservice.repository.NoteRepository.
2018-07-30 19:31:45.889  INFO 6248 --- [           main] .RepositoryConfigurationExtensionSupport : Spring Data Redis - Could not safely identify store assignment for repository candidate interface com.bridgelabz.todoapplication.userservice.repository.UserRepository.
2018-07-30 19:31:46.203  INFO 6248 --- [           main] trationDelegate$BeanPostProcessorChecker : Bean 'org.springframework.amqp.rabbit.annotation.RabbitBootstrapConfiguration' of type [org.springframework.amqp.rabbit.annotation.RabbitBootstrapConfiguration$$EnhancerBySpringCGLIB$$a5fa685e] is not eligible for getting processed by all BeanPostProcessors (for example: not eligible for auto-proxying)
2018-07-30 19:31:46.765  INFO 6248 --- [           main] org.mongodb.driver.cluster               : Cluster created with settings {hosts=[localhost:27017], mode=MULTIPLE, requiredClusterType=UNKNOWN, serverSelectionTimeout='30000 ms', maxWaitQueueSize=500}
2018-07-30 19:31:46.765  INFO 6248 --- [           main] org.mongodb.driver.cluster               : Adding discovered server localhost:27017 to client view of cluster
2018-07-30 19:31:46.817  INFO 6248 --- [localhost:27017] org.mongodb.driver.connection            : Opened connection [connectionId{localValue:1, serverValue:26}] to localhost:27017
2018-07-30 19:31:46.820  INFO 6248 --- [localhost:27017] org.mongodb.driver.cluster               : Monitor thread successfully connected to server with description ServerDescription{address=localhost:27017, type=STANDALONE, state=CONNECTED, ok=true, version=ServerVersion{versionList=[3, 6, 6]}, minWireVersion=0, maxWireVersion=6, maxDocumentSize=16777216, logicalSessionTimeoutMinutes=30, roundTripTimeNanos=2044573}
2018-07-30 19:31:46.822  INFO 6248 --- [localhost:27017] org.mongodb.driver.cluster               : Discovered cluster type of STANDALONE
2018-07-30 19:31:47.416  INFO 6248 --- [           main] s.w.s.m.m.a.RequestMappingHandlerMapping : Mapped "{[/note/createnote],methods=[POST]}" onto public org.springframework.http.ResponseEntity<com.bridgelabz.todoapplication.userservice.model.Response> com.bridgelabz.todoapplication.noteservice.controller.NoteController.createNote(com.bridgelabz.todoapplication.noteservice.model.NoteDto,javax.servlet.http.HttpServletRequest) throws java.lang.Exception
2018-07-30 19:31:47.417  INFO 6248 --- [           main] s.w.s.m.m.a.RequestMappingHandlerMapping : Mapped "{[/note/getallnotes],methods=[GET]}" onto public java.util.List<com.bridgelabz.todoapplication.noteservice.model.Notes> com.bridgelabz.todoapplication.noteservice.controller.NoteController.getAllNotes()
2018-07-30 19:31:47.417  INFO 6248 --- [           main] s.w.s.m.m.a.RequestMappingHandlerMapping : Mapped "{[/note/getnotes],methods=[POST]}" onto public org.springframework.http.ResponseEntity<com.bridgelabz.todoapplication.userservice.model.Response> com.bridgelabz.todoapplication.noteservice.controller.NoteController.getNotes(javax.servlet.http.HttpServletRequest)
2018-07-30 19:31:47.418  INFO 6248 --- [           main] s.w.s.m.m.a.RequestMappingHandlerMapping : Mapped "{[/note/archivenotes],methods=[POST]}" onto public java.util.List<com.bridgelabz.todoapplication.noteservice.model.Notes> com.bridgelabz.todoapplication.noteservice.controller.NoteController.getArchiveNotes(javax.servlet.http.HttpServletRequest)
2018-07-30 19:31:47.418  INFO 6248 --- [           main] s.w.s.m.m.a.RequestMappingHandlerMapping : Mapped "{[/note/getparticularnote],methods=[POST]}" onto public org.springframework.http.ResponseEntity<com.bridgelabz.todoapplication.userservice.model.Response> com.bridgelabz.todoapplication.noteservice.controller.NoteController.getParticularNote(javax.servlet.http.HttpServletRequest,java.lang.String) throws java.lang.Exception
2018-07-30 19:31:47.418  INFO 6248 --- [           main] s.w.s.m.m.a.RequestMappingHandlerMapping : Mapped "{[/note/getallabel],methods=[POST]}" onto public org.springframework.http.ResponseEntity<com.bridgelabz.todoapplication.userservice.model.Response> com.bridgelabz.todoapplication.noteservice.controller.NoteController.getLabel(javax.servlet.http.HttpServletRequest)
2018-07-30 19:31:47.419  INFO 6248 --- [           main] s.w.s.m.m.a.RequestMappingHandlerMapping : Mapped "{[/note/addlebel],methods=[POST]}" onto public org.springframework.http.ResponseEntity<com.bridgelabz.todoapplication.userservice.model.Response> com.bridgelabz.todoapplication.noteservice.controller.NoteController.addLabelInNote(javax.servlet.http.HttpServletRequest,com.bridgelabz.todoapplication.noteservice.model.Label,java.lang.String) throws java.lang.Exception
2018-07-30 19:31:47.419  INFO 6248 --- [           main] s.w.s.m.m.a.RequestMappingHandlerMapping : Mapped "{[/note/createlabel],methods=[POST]}" onto public org.springframework.http.ResponseEntity<com.bridgelabz.todoapplication.userservice.model.Response> com.bridgelabz.todoapplication.noteservice.controller.NoteController.createLabel(javax.servlet.http.HttpServletRequest,com.bridgelabz.todoapplication.noteservice.model.Label) throws java.lang.Exception
2018-07-30 19:31:47.419  INFO 6248 --- [           main] s.w.s.m.m.a.RequestMappingHandlerMapping : Mapped "{[/note/createnotewithlabel],methods=[POST]}" onto public org.springframework.http.ResponseEntity<com.bridgelabz.todoapplication.userservice.model.Response> com.bridgelabz.todoapplication.noteservice.controller.NoteController.createNoteWithLabel(com.bridgelabz.todoapplication.noteservice.model.NoteDto,javax.servlet.http.HttpServletRequest,java.lang.String) throws java.lang.Exception
2018-07-30 19:31:47.419  INFO 6248 --- [           main] s.w.s.m.m.a.RequestMappingHandlerMapping : Mapped "{[/note/getnoteswithlabel],methods=[POST]}" onto public org.springframework.http.ResponseEntity<com.bridgelabz.todoapplication.userservice.model.Response> com.bridgelabz.todoapplication.noteservice.controller.NoteController.getNoteWithLabel(javax.servlet.http.HttpServletRequest,java.lang.String)
2018-07-30 19:31:47.420  INFO 6248 --- [           main] s.w.s.m.m.a.RequestMappingHandlerMapping : Mapped "{[/note/removelabel],methods=[POST]}" onto public org.springframework.http.ResponseEntity<com.bridgelabz.todoapplication.userservice.model.Response> com.bridgelabz.todoapplication.noteservice.controller.NoteController.removeLabel(javax.servlet.http.HttpServletRequest,java.lang.String)
2018-07-30 19:31:47.420  INFO 6248 --- [           main] s.w.s.m.m.a.RequestMappingHandlerMapping : Mapped "{[/note/removeNoteLabel],methods=[POST]}" onto public org.springframework.http.ResponseEntity<com.bridgelabz.todoapplication.userservice.model.Response> com.bridgelabz.todoapplication.noteservice.controller.NoteController.removeNoteLabel(javax.servlet.http.HttpServletRequest,java.lang.String,java.lang.String)
2018-07-30 19:31:47.420  INFO 6248 --- [           main] s.w.s.m.m.a.RequestMappingHandlerMapping : Mapped "{[/note/updatenote],methods=[POST]}" onto public org.springframework.http.ResponseEntity<com.bridgelabz.todoapplication.userservice.model.Response> com.bridgelabz.todoapplication.noteservice.controller.NoteController.updateNotes(javax.servlet.http.HttpServletRequest,com.bridgelabz.todoapplication.noteservice.model.NoteDto,java.lang.String) throws java.lang.Exception
2018-07-30 19:31:47.420  INFO 6248 --- [           main] s.w.s.m.m.a.RequestMappingHandlerMapping : Mapped "{[/note/removenote/{id}],methods=[POST]}" onto public org.springframework.http.ResponseEntity<com.bridgelabz.todoapplication.userservice.model.Response> com.bridgelabz.todoapplication.noteservice.controller.NoteController.removeNote(javax.servlet.http.HttpServletRequest,java.lang.String) throws java.lang.Exception
2018-07-30 19:31:47.421  INFO 6248 --- [           main] s.w.s.m.m.a.RequestMappingHandlerMapping : Mapped "{[/note/setreminder],methods=[POST]}" onto public org.springframework.http.ResponseEntity<com.bridgelabz.todoapplication.userservice.model.Response> com.bridgelabz.todoapplication.noteservice.controller.NoteController.doSetReminder(javax.servlet.http.HttpServletRequest,java.lang.String,java.lang.String) throws java.text.ParseException
2018-07-30 19:31:47.421  INFO 6248 --- [           main] s.w.s.m.m.a.RequestMappingHandlerMapping : Mapped "{[/note/gettrashednotes],methods=[POST]}" onto public org.springframework.http.ResponseEntity<com.bridgelabz.todoapplication.userservice.model.Response> com.bridgelabz.todoapplication.noteservice.controller.NoteController.getTrashedNotes(javax.servlet.http.HttpServletRequest)
2018-07-30 19:31:47.421  INFO 6248 --- [           main] s.w.s.m.m.a.RequestMappingHandlerMapping : Mapped "{[/note/pinnedorunpinnednotes],methods=[POST]}" onto public org.springframework.http.ResponseEntity<com.bridgelabz.todoapplication.userservice.model.Response> com.bridgelabz.todoapplication.noteservice.controller.NoteController.pinnedUnpinned(javax.servlet.http.HttpServletRequest,java.lang.String)
2018-07-30 19:31:47.421  INFO 6248 --- [           main] s.w.s.m.m.a.RequestMappingHandlerMapping : Mapped "{[/note/dopinnednotes],methods=[POST]}" onto public org.springframework.http.ResponseEntity<com.bridgelabz.todoapplication.userservice.model.Response> com.bridgelabz.todoapplication.noteservice.controller.NoteController.archivedOrRemoveArchived(javax.servlet.http.HttpServletRequest,java.lang.String)
2018-07-30 19:31:47.422  INFO 6248 --- [           main] s.w.s.m.m.a.RequestMappingHandlerMapping : Mapped "{[/note/viewtrashednotes],methods=[POST]}" onto public org.springframework.http.ResponseEntity<com.bridgelabz.todoapplication.userservice.model.Response> com.bridgelabz.todoapplication.noteservice.controller.NoteController.viewTrash(javax.servlet.http.HttpServletRequest,java.lang.String)
2018-07-30 19:31:47.423  INFO 6248 --- [           main] s.w.s.m.m.a.RequestMappingHandlerMapping : Mapped "{[/users],methods=[GET]}" onto public java.util.List<com.bridgelabz.todoapplication.userservice.model.User> com.bridgelabz.todoapplication.userservice.controller.UserController.getUserDetails()
2018-07-30 19:31:47.423  INFO 6248 --- [           main] s.w.s.m.m.a.RequestMappingHandlerMapping : Mapped "{[/signup],methods=[POST]}" onto public org.springframework.http.ResponseEntity<com.bridgelabz.todoapplication.userservice.model.Response> com.bridgelabz.todoapplication.userservice.controller.UserController.signUp(com.bridgelabz.todoapplication.userservice.model.UserDto) throws java.lang.Exception
2018-07-30 19:31:47.423  INFO 6248 --- [           main] s.w.s.m.m.a.RequestMappingHandlerMapping : Mapped "{[/login],methods=[POST]}" onto public org.springframework.http.ResponseEntity<com.bridgelabz.todoapplication.userservice.model.Response> com.bridgelabz.todoapplication.userservice.controller.UserController.logIn(com.bridgelabz.todoapplication.userservice.model.LoginDTO,javax.servlet.http.HttpServletResponse) throws java.lang.Exception
2018-07-30 19:31:47.424  INFO 6248 --- [           main] s.w.s.m.m.a.RequestMappingHandlerMapping : Mapped "{[/activationlink],methods=[GET]}" onto public org.springframework.http.ResponseEntity<com.bridgelabz.todoapplication.userservice.model.Response> com.bridgelabz.todoapplication.userservice.controller.UserController.activation(javax.servlet.http.HttpServletRequest)
2018-07-30 19:31:47.424  INFO 6248 --- [           main] s.w.s.m.m.a.RequestMappingHandlerMapping : Mapped "{[/recoveraccount],methods=[POST]}" onto public org.springframework.http.ResponseEntity<com.bridgelabz.todoapplication.userservice.model.Response> com.bridgelabz.todoapplication.userservice.controller.UserController.passwordRecover(java.lang.String) throws java.lang.Exception
2018-07-30 19:31:47.424  INFO 6248 --- [           main] s.w.s.m.m.a.RequestMappingHandlerMapping : Mapped "{[/resetpassword],methods=[POST]}" onto public org.springframework.http.ResponseEntity<com.bridgelabz.todoapplication.userservice.model.Response> com.bridgelabz.todoapplication.userservice.controller.UserController.resetPassword(java.lang.String,javax.servlet.http.HttpServletRequest)
2018-07-30 19:31:47.425  INFO 6248 --- [           main] s.w.s.m.m.a.RequestMappingHandlerMapping : Mapped "{[/v2/api-docs],methods=[GET],produces=[application/json || application/hal+json]}" onto public org.springframework.http.ResponseEntity<springfox.documentation.spring.web.json.Json> springfox.documentation.swagger2.web.Swagger2Controller.getDocumentation(java.lang.String,javax.servlet.http.HttpServletRequest)
2018-07-30 19:31:47.427  INFO 6248 --- [           main] s.w.s.m.m.a.RequestMappingHandlerMapping : Mapped "{[/configuration/ui]}" onto org.springframework.http.ResponseEntity<springfox.documentation.swagger.web.UiConfiguration> springfox.documentation.swagger.web.ApiResourceController.uiConfiguration()
2018-07-30 19:31:47.428  INFO 6248 --- [           main] s.w.s.m.m.a.RequestMappingHandlerMapping : Mapped "{[/swagger-resources]}" onto org.springframework.http.ResponseEntity<java.util.List<springfox.documentation.swagger.web.SwaggerResource>> springfox.documentation.swagger.web.ApiResourceController.swaggerResources()
2018-07-30 19:31:47.428  INFO 6248 --- [           main] s.w.s.m.m.a.RequestMappingHandlerMapping : Mapped "{[/configuration/security]}" onto org.springframework.http.ResponseEntity<springfox.documentation.swagger.web.SecurityConfiguration> springfox.documentation.swagger.web.ApiResourceController.securityConfiguration()
2018-07-30 19:31:47.432  INFO 6248 --- [           main] s.w.s.m.m.a.RequestMappingHandlerMapping : Mapped "{[/error],produces=[text/html]}" onto public org.springframework.web.servlet.ModelAndView org.springframework.boot.autoconfigure.web.servlet.error.BasicErrorController.errorHtml(javax.servlet.http.HttpServletRequest,javax.servlet.http.HttpServletResponse)
2018-07-30 19:31:47.432  INFO 6248 --- [           main] s.w.s.m.m.a.RequestMappingHandlerMapping : Mapped "{[/error]}" onto public org.springframework.http.ResponseEntity<java.util.Map<java.lang.String, java.lang.Object>> org.springframework.boot.autoconfigure.web.servlet.error.BasicErrorController.error(javax.servlet.http.HttpServletRequest)
2018-07-30 19:31:47.724  INFO 6248 --- [           main] o.s.w.s.handler.SimpleUrlHandlerMapping  : Mapped URL path [/**/favicon.ico] onto handler of type [class org.springframework.web.servlet.resource.ResourceHttpRequestHandler]
2018-07-30 19:31:47.874  INFO 6248 --- [           main] s.w.s.m.m.a.RequestMappingHandlerAdapter : Looking for @ControllerAdvice: org.springframework.web.context.support.GenericWebApplicationContext@7ba8c737: startup date [Mon Jul 30 19:31:45 IST 2018]; root of context hierarchy
2018-07-30 19:31:47.922  INFO 6248 --- [           main] o.s.w.s.handler.SimpleUrlHandlerMapping  : Mapped URL path [/webjars/**] onto handler of type [class org.springframework.web.servlet.resource.ResourceHttpRequestHandler]
2018-07-30 19:31:47.922  INFO 6248 --- [           main] o.s.w.s.handler.SimpleUrlHandlerMapping  : Mapped URL path [/**] onto handler of type [class org.springframework.web.servlet.resource.ResourceHttpRequestHandler]
2018-07-30 19:31:47.936  INFO 6248 --- [           main] .m.m.a.ExceptionHandlerExceptionResolver : Detected @ExceptionHandler methods in globalExceptionHandler
2018-07-30 19:31:48.269  INFO 6248 --- [           main] o.s.c.support.DefaultLifecycleProcessor  : Starting beans in phase 2147483647
2018-07-30 19:31:48.294  INFO 6248 --- [cTaskExecutor-1] o.s.a.r.c.CachingConnectionFactory       : Attempting to connect to: [localhost:5672]
2018-07-30 19:31:48.332  INFO 6248 --- [cTaskExecutor-1] o.s.a.r.c.CachingConnectionFactory       : Created new connection: rabbitConnectionFactory#5f038248:0/SimpleConnection@1b9b636c [delegate=amqp://guest@127.0.0.1:5672/, localPort= 33690]
2018-07-30 19:31:48.337  INFO 6248 --- [cTaskExecutor-1] o.s.amqp.rabbit.core.RabbitAdmin         : Auto-declaring a non-durable, auto-delete, or exclusive Queue () durable:false, auto-delete:false, exclusive:false. It will be redeclared if the broker stops and is restarted while the connection factory is alive, but all messages will be lost.
2018-07-30 19:31:48.370  INFO 6248 --- [           main] d.s.w.p.DocumentationPluginsBootstrapper : Context refreshed
2018-07-30 19:31:48.383  INFO 6248 --- [           main] d.s.w.p.DocumentationPluginsBootstrapper : Found 1 custom documentation plugin(s)
2018-07-30 19:31:48.390  INFO 6248 --- [           main] s.d.s.w.s.ApiListingReferenceScanner     : Scanning for api listing references
2018-07-30 19:31:48.580  INFO 6248 --- [           main] c.b.loginregistration.UserTests          : Started UserTests in 3.739 seconds (JVM running for 4.46)
2018-07-30 19:31:48.647  INFO 6248 --- [           main] o.s.b.t.m.w.SpringBootMockServletContext : Initializing Spring FrameworkServlet ''
2018-07-30 19:31:48.648  INFO 6248 --- [           main] o.s.t.web.servlet.TestDispatcherServlet  : FrameworkServlet '': initialization started
2018-07-30 19:31:48.658  INFO 6248 --- [           main] o.s.t.web.servlet.TestDispatcherServlet  : FrameworkServlet '': initialization completed in 10 ms
2018-07-30 19:31:48.714  INFO 6248 --- [           main] c.b.t.u.controller.UserController        : REQ_IN Sign Up Starts
]]></system-out>
  </testcase>
  <testcase name="loginTest" classname="com.bridgelabz.loginregistration.UserTests" time="0.009">
    <failure message="JSON path &quot;$.message&quot; expected:&lt;Welcome sameersaurabh9314@gmail.com&gt; but was:&lt;No message found under code &apos;hello&apos; for locale &apos;en&apos;.&gt;" type="java.lang.AssertionError"><![CDATA[java.lang.AssertionError: JSON path "$.message" expected:<Welcome sameersaurabh9314@gmail.com> but was:<No message found under code 'hello' for locale 'en'.>
	at com.bridgelabz.loginregistration.UserTests.loginTest(UserTests.java:40)
]]></failure>
    <system-out><![CDATA[2018-07-30 19:31:48.751  INFO 6248 --- [           main] o.s.b.t.m.w.SpringBootMockServletContext : Initializing Spring FrameworkServlet ''
2018-07-30 19:31:48.751  INFO 6248 --- [           main] o.s.t.web.servlet.TestDispatcherServlet  : FrameworkServlet '': initialization started
2018-07-30 19:31:48.753  INFO 6248 --- [           main] o.s.t.web.servlet.TestDispatcherServlet  : FrameworkServlet '': initialization completed in 2 ms
2018-07-30 19:31:48.755  INFO 6248 --- [           main] c.b.t.u.controller.UserController        : REQ_IN Log In Starts
]]></system-out>
  </testcase>
  <testcase name="loginEmailNullTest" classname="com.bridgelabz.loginregistration.UserTests" time="0.006">
    <failure message="JSON path &quot;$.message&quot; expected:&lt;Email cannot be Null&gt; but was:&lt;No message found under code &apos;hello&apos; for locale &apos;en&apos;.&gt;" type="java.lang.AssertionError"><![CDATA[java.lang.AssertionError: JSON path "$.message" expected:<Email cannot be Null> but was:<No message found under code 'hello' for locale 'en'.>
	at com.bridgelabz.loginregistration.UserTests.loginEmailNullTest(UserTests.java:70)
]]></failure>
    <system-out><![CDATA[2018-07-30 19:31:48.760  INFO 6248 --- [           main] o.s.b.t.m.w.SpringBootMockServletContext : Initializing Spring FrameworkServlet ''
2018-07-30 19:31:48.760  INFO 6248 --- [           main] o.s.t.web.servlet.TestDispatcherServlet  : FrameworkServlet '': initialization started
2018-07-30 19:31:48.762  INFO 6248 --- [           main] o.s.t.web.servlet.TestDispatcherServlet  : FrameworkServlet '': initialization completed in 2 ms
2018-07-30 19:31:48.763  INFO 6248 --- [           main] c.b.t.u.controller.UserController        : REQ_IN Log In Starts
]]></system-out>
  </testcase>
  <testcase name="loginEmailEmptyStringTest" classname="com.bridgelabz.loginregistration.UserTests" time="0.006">
    <failure message="JSON path &quot;$.message&quot; expected:&lt;Email and password cannot be null&gt; but was:&lt;No message found under code &apos;hello&apos; for locale &apos;en&apos;.&gt;" type="java.lang.AssertionError"><![CDATA[java.lang.AssertionError: JSON path "$.message" expected:<Email and password cannot be null> but was:<No message found under code 'hello' for locale 'en'.>
	at com.bridgelabz.loginregistration.UserTests.loginEmailEmptyStringTest(UserTests.java:51)
]]></failure>
    <system-out><![CDATA[2018-07-30 19:31:48.766  INFO 6248 --- [           main] o.s.b.t.m.w.SpringBootMockServletContext : Initializing Spring FrameworkServlet ''
2018-07-30 19:31:48.766  INFO 6248 --- [           main] o.s.t.web.servlet.TestDispatcherServlet  : FrameworkServlet '': initialization started
2018-07-30 19:31:48.768  INFO 6248 --- [           main] o.s.t.web.servlet.TestDispatcherServlet  : FrameworkServlet '': initialization completed in 2 ms
2018-07-30 19:31:48.769  INFO 6248 --- [           main] c.b.t.u.controller.UserController        : REQ_IN Log In Starts
]]></system-out>
  </testcase>
  <testcase name="loginPasswordEmptyStringTest" classname="com.bridgelabz.loginregistration.UserTests" time="0.006">
    <failure message="JSON path &quot;$.message&quot; expected:&lt;Email and password cannot be null&gt; but was:&lt;No message found under code &apos;hello&apos; for locale &apos;en&apos;.&gt;" type="java.lang.AssertionError"><![CDATA[java.lang.AssertionError: JSON path "$.message" expected:<Email and password cannot be null> but was:<No message found under code 'hello' for locale 'en'.>
	at com.bridgelabz.loginregistration.UserTests.loginPasswordEmptyStringTest(UserTests.java:61)
]]></failure>
    <system-out><![CDATA[2018-07-30 19:31:48.772  INFO 6248 --- [           main] o.s.b.t.m.w.SpringBootMockServletContext : Initializing Spring FrameworkServlet ''
2018-07-30 19:31:48.772  INFO 6248 --- [           main] o.s.t.web.servlet.TestDispatcherServlet  : FrameworkServlet '': initialization started
2018-07-30 19:31:48.774  INFO 6248 --- [           main] o.s.t.web.servlet.TestDispatcherServlet  : FrameworkServlet '': initialization completed in 2 ms
2018-07-30 19:31:48.775  INFO 6248 --- [           main] c.b.t.u.controller.UserController        : REQ_IN Log In Starts
]]></system-out>
  </testcase>
  <testcase name="loginPasswordNullTest" classname="com.bridgelabz.loginregistration.UserTests" time="0.006">
    <failure message="JSON path &quot;$.message&quot; expected:&lt;Password Cannot be null&gt; but was:&lt;JSON parse error: Unexpected character (&apos;&quot;&apos; (code 34)): was expecting comma to separate Object entries; nested exception is com.fasterxml.jackson.core.JsonParseException: Unexpected character (&apos;&quot;&apos; (code 34)): was expecting comma to separate Object entries&#10; at [Source: (PushbackInputStream); line: 1, column: 42]&gt;" type="java.lang.AssertionError"><![CDATA[java.lang.AssertionError: 
JSON path "$.message" expected:<Password Cannot be null> but was:<JSON parse error: Unexpected character ('"' (code 34)): was expecting comma to separate Object entries; nested exception is com.fasterxml.jackson.core.JsonParseException: Unexpected character ('"' (code 34)): was expecting comma to separate Object entries
 at [Source: (PushbackInputStream); line: 1, column: 42]>
	at com.bridgelabz.loginregistration.UserTests.loginPasswordNullTest(UserTests.java:80)
]]></failure>
    <system-out><![CDATA[2018-07-30 19:31:48.778  INFO 6248 --- [           main] o.s.b.t.m.w.SpringBootMockServletContext : Initializing Spring FrameworkServlet ''
2018-07-30 19:31:48.778  INFO 6248 --- [           main] o.s.t.web.servlet.TestDispatcherServlet  : FrameworkServlet '': initialization started
2018-07-30 19:31:48.780  INFO 6248 --- [           main] o.s.t.web.servlet.TestDispatcherServlet  : FrameworkServlet '': initialization completed in 2 ms
]]></system-out>
  </testcase>
</testsuite>